<?xml version="1.0" encoding="UTF-8"?>
<!-- Generated by org.testng.reporters.JUnitReportReporter -->
<testsuite hostname="DESKTOP-D51MJNQ" name="BuyFlowerTest" tests="1" failures="0" timestamp="11 Jul 2016 12:30:31 GMT" time="20.194" errors="0">
  <testcase name="buyFlowerWithLogin" time="20.194" classname="BuyFlowerTest"/>
</testsuite> <!-- BuyFlowerTest -->
