<?xml version="1.0" encoding="UTF-8"?>
<!-- Generated by org.testng.reporters.JUnitReportReporter -->
<testsuite hostname="DESKTOP-D51MJNQ" name="LoginPageTest" tests="1" failures="0" timestamp="11 Jul 2016 12:30:31 GMT" time="17.433" errors="0">
  <testcase name="signIn" time="17.433" classname="LoginPageTest"/>
</testsuite> <!-- LoginPageTest -->
